<?xml version="1.0" encoding="UTF-8"?>
<!-- Generated by org.testng.reporters.JUnitReportReporter -->
<testsuite skipped="0" hostname="Kanha_Admin" name="com.hrms.TestScripts.Verify_Login" tests="1" failures="0" timestamp="22 Jan 2018 15:29:57 GMT" time="23.434" errors="0">
  <testcase name="login" time="23.434" classname="com.hrms.TestScripts.Verify_Login"/>
</testsuite> <!-- com.hrms.TestScripts.Verify_Login -->
