<?xml version="1.0" encoding="UTF-8"?>
<!-- Generated by org.testng.reporters.JUnitReportReporter -->
<testsuite hostname="Kanha_Admin" name="com.hrms.TestScripts.Verify_AddCompanyLocation" tests="1" failures="0" timestamp="11 Apr 2018 17:31:53 GMT" time="110.391" errors="0">
  <testcase name="addCompanyLocation" time="110.391" classname="com.hrms.TestScripts.Verify_AddCompanyLocation"/>
</testsuite> <!-- com.hrms.TestScripts.Verify_AddCompanyLocation -->
