<?xml version="1.0" encoding="UTF-8"?>
<!-- Generated by org.testng.reporters.JUnitReportReporter -->
<testsuite skipped="0" hostname="Kanha_Admin" name="com.hrms.TestScripts.Verify_SearchCompanyLocation" tests="1" failures="0" timestamp="23 Jan 2018 12:22:28 GMT" time="19.126" errors="0">
  <testcase name="addCompanyLocation" time="19.126" classname="com.hrms.TestScripts.Verify_SearchCompanyLocation"/>
</testsuite> <!-- com.hrms.TestScripts.Verify_SearchCompanyLocation -->
