<?xml version="1.0" encoding="UTF-8"?>
<!-- Generated by org.testng.reporters.JUnitReportReporter -->
<testsuite hostname="Kanha_Admin" name="com.hrms.TestScripts.Verify_SearchCompanyLocation" tests="1" failures="0" timestamp="11 Apr 2018 17:31:53 GMT" time="25.083" errors="0">
  <testcase name="addCompanyLocation" time="25.083" classname="com.hrms.TestScripts.Verify_SearchCompanyLocation"/>
</testsuite> <!-- com.hrms.TestScripts.Verify_SearchCompanyLocation -->
