<?xml version="1.0" encoding="UTF-8"?>
<!-- Generated by org.testng.reporters.JUnitReportReporter -->
<testsuite skipped="0" hostname="Kanha_Admin" name="com.hrms.TestScripts.Verify_AddCompanyLocation" tests="1" failures="0" timestamp="23 Jan 2018 11:05:15 GMT" time="26.806" errors="0">
  <testcase name="addCompanyLocation" time="26.806" classname="com.hrms.TestScripts.Verify_AddCompanyLocation"/>
</testsuite> <!-- com.hrms.TestScripts.Verify_AddCompanyLocation -->
